{"C:\\Users\\edtay\\OneDrive\\Desktop\\Coding Practice\\Objects\\super-element\\lib\\SuperBoxMaker.js": {"path":"C:\\Users\\edtay\\OneDrive\\Desktop\\Coding Practice\\Objects\\super-element\\lib\\SuperBoxMaker.js","statementMap":{"0":{"start":{"line":12,"column":2},"end":{"line":12,"column":32}},"1":{"start":{"line":13,"column":2},"end":{"line":13,"column":44}},"2":{"start":{"line":14,"column":2},"end":{"line":14,"column":41}},"3":{"start":{"line":15,"column":2},"end":{"line":15,"column":43}},"4":{"start":{"line":18,"column":0},"end":{"line":18,"column":63}},"5":{"start":{"line":19,"column":0},"end":{"line":19,"column":51}}},"fnMap":{"0":{"name":"SuperBoxMaker","decl":{"start":{"line":11,"column":16},"end":{"line":11,"column":29}},"loc":{"start":{"line":11,"column":53},"end":{"line":16,"column":1}},"line":11}},"branchMap":{},"s":{"0":1,"1":1,"2":1,"3":1,"4":6,"5":6},"f":{"0":1},"b":{},"_coverageSchema":"1a1c01bbd47fc00a2c39e90264f33305004495a9","hash":"aae87f1393f74ebcaa2fdeba013580620897428b"}
,"C:\\Users\\edtay\\OneDrive\\Desktop\\Coding Practice\\Objects\\super-element\\lib\\SuperContent.js": {"path":"C:\\Users\\edtay\\OneDrive\\Desktop\\Coding Practice\\Objects\\super-element\\lib\\SuperContent.js","statementMap":{"0":{"start":{"line":16,"column":2},"end":{"line":16,"column":40}},"1":{"start":{"line":18,"column":2},"end":{"line":18,"column":26}},"2":{"start":{"line":19,"column":2},"end":{"line":19,"column":38}},"3":{"start":{"line":20,"column":2},"end":{"line":20,"column":47}},"4":{"start":{"line":21,"column":2},"end":{"line":21,"column":34}},"5":{"start":{"line":24,"column":0},"end":{"line":24,"column":62}},"6":{"start":{"line":25,"column":0},"end":{"line":25,"column":49}},"7":{"start":{"line":31,"column":0},"end":{"line":37,"column":1}},"8":{"start":{"line":32,"column":2},"end":{"line":36,"column":3}},"9":{"start":{"line":33,"column":4},"end":{"line":33,"column":58}},"10":{"start":{"line":34,"column":9},"end":{"line":36,"column":3}},"11":{"start":{"line":35,"column":4},"end":{"line":35,"column":50}}},"fnMap":{"0":{"name":"SuperContent","decl":{"start":{"line":14,"column":16},"end":{"line":14,"column":28}},"loc":{"start":{"line":14,"column":99},"end":{"line":22,"column":1}},"line":14},"1":{"name":"(anonymous_1)","decl":{"start":{"line":31,"column":32},"end":{"line":31,"column":33}},"loc":{"start":{"line":31,"column":48},"end":{"line":37,"column":1}},"line":31}},"branchMap":{"0":{"loc":{"start":{"line":14,"column":30},"end":{"line":14,"column":97}},"type":"default-arg","locations":[{"start":{"line":14,"column":95},"end":{"line":14,"column":97}}],"line":14},"1":{"loc":{"start":{"line":14,"column":38},"end":{"line":14,"column":50}},"type":"default-arg","locations":[{"start":{"line":14,"column":48},"end":{"line":14,"column":50}}],"line":14},"2":{"loc":{"start":{"line":14,"column":52},"end":{"line":14,"column":61}},"type":"default-arg","locations":[{"start":{"line":14,"column":59},"end":{"line":14,"column":61}}],"line":14},"3":{"loc":{"start":{"line":14,"column":63},"end":{"line":14,"column":76}},"type":"default-arg","locations":[{"start":{"line":14,"column":74},"end":{"line":14,"column":76}}],"line":14},"4":{"loc":{"start":{"line":14,"column":78},"end":{"line":14,"column":90}},"type":"default-arg","locations":[{"start":{"line":14,"column":88},"end":{"line":14,"column":90}}],"line":14},"5":{"loc":{"start":{"line":32,"column":2},"end":{"line":36,"column":3}},"type":"if","locations":[{"start":{"line":32,"column":2},"end":{"line":36,"column":3}},{"start":{"line":34,"column":9},"end":{"line":36,"column":3}}],"line":32},"6":{"loc":{"start":{"line":34,"column":9},"end":{"line":36,"column":3}},"type":"if","locations":[{"start":{"line":34,"column":9},"end":{"line":36,"column":3}},{"start":{},"end":{}}],"line":34}},"s":{"0":7,"1":7,"2":7,"3":7,"4":7,"5":6,"6":6,"7":6,"8":2,"9":1,"10":1,"11":1},"f":{"0":7,"1":2},"b":{"0":[2],"1":[4],"2":[7],"3":[7],"4":[7],"5":[1,1],"6":[1,0]},"_coverageSchema":"1a1c01bbd47fc00a2c39e90264f33305004495a9","hash":"acdf6f22cc5147aceb8086605f3559bb1bef2bf4"}
,"C:\\Users\\edtay\\OneDrive\\Desktop\\Coding Practice\\Objects\\super-element\\lib\\SuperDisplay.js": {"path":"C:\\Users\\edtay\\OneDrive\\Desktop\\Coding Practice\\Objects\\super-element\\lib\\SuperDisplay.js","statementMap":{"0":{"start":{"line":13,"column":2},"end":{"line":13,"column":41}},"1":{"start":{"line":14,"column":2},"end":{"line":14,"column":37}},"2":{"start":{"line":15,"column":2},"end":{"line":15,"column":46}},"3":{"start":{"line":17,"column":2},"end":{"line":19,"column":3}},"4":{"start":{"line":18,"column":4},"end":{"line":18,"column":28}},"5":{"start":{"line":22,"column":0},"end":{"line":22,"column":62}},"6":{"start":{"line":23,"column":0},"end":{"line":23,"column":49}},"7":{"start":{"line":28,"column":0},"end":{"line":89,"column":1}},"8":{"start":{"line":29,"column":20},"end":{"line":86,"column":3}},"9":{"start":{"line":32,"column":6},"end":{"line":32,"column":41}},"10":{"start":{"line":33,"column":6},"end":{"line":33,"column":46}},"11":{"start":{"line":34,"column":6},"end":{"line":34,"column":50}},"12":{"start":{"line":37,"column":6},"end":{"line":37,"column":41}},"13":{"start":{"line":38,"column":6},"end":{"line":38,"column":46}},"14":{"start":{"line":39,"column":6},"end":{"line":39,"column":52}},"15":{"start":{"line":42,"column":6},"end":{"line":42,"column":41}},"16":{"start":{"line":43,"column":6},"end":{"line":43,"column":46}},"17":{"start":{"line":44,"column":6},"end":{"line":44,"column":54}},"18":{"start":{"line":47,"column":6},"end":{"line":47,"column":41}},"19":{"start":{"line":48,"column":6},"end":{"line":48,"column":50}},"20":{"start":{"line":51,"column":6},"end":{"line":51,"column":41}},"21":{"start":{"line":52,"column":6},"end":{"line":52,"column":50}},"22":{"start":{"line":53,"column":6},"end":{"line":53,"column":50}},"23":{"start":{"line":56,"column":6},"end":{"line":56,"column":41}},"24":{"start":{"line":57,"column":6},"end":{"line":57,"column":50}},"25":{"start":{"line":58,"column":6},"end":{"line":58,"column":52}},"26":{"start":{"line":62,"column":6},"end":{"line":62,"column":41}},"27":{"start":{"line":63,"column":6},"end":{"line":63,"column":50}},"28":{"start":{"line":64,"column":6},"end":{"line":64,"column":54}},"29":{"start":{"line":67,"column":6},"end":{"line":67,"column":41}},"30":{"start":{"line":68,"column":6},"end":{"line":68,"column":48}},"31":{"start":{"line":71,"column":6},"end":{"line":71,"column":41}},"32":{"start":{"line":72,"column":6},"end":{"line":72,"column":48}},"33":{"start":{"line":73,"column":6},"end":{"line":73,"column":50}},"34":{"start":{"line":76,"column":6},"end":{"line":76,"column":41}},"35":{"start":{"line":77,"column":6},"end":{"line":77,"column":48}},"36":{"start":{"line":78,"column":6},"end":{"line":78,"column":52}},"37":{"start":{"line":81,"column":6},"end":{"line":81,"column":41}},"38":{"start":{"line":82,"column":6},"end":{"line":82,"column":48}},"39":{"start":{"line":83,"column":6},"end":{"line":83,"column":54}},"40":{"start":{"line":88,"column":2},"end":{"line":88,"column":23}}},"fnMap":{"0":{"name":"SuperDisplay","decl":{"start":{"line":12,"column":16},"end":{"line":12,"column":28}},"loc":{"start":{"line":12,"column":79},"end":{"line":20,"column":1}},"line":12},"1":{"name":"(anonymous_1)","decl":{"start":{"line":28,"column":35},"end":{"line":28,"column":36}},"loc":{"start":{"line":28,"column":55},"end":{"line":89,"column":1}},"line":28},"2":{"name":"(anonymous_2)","decl":{"start":{"line":31,"column":16},"end":{"line":31,"column":17}},"loc":{"start":{"line":31,"column":22},"end":{"line":35,"column":5}},"line":31},"3":{"name":"(anonymous_3)","decl":{"start":{"line":36,"column":17},"end":{"line":36,"column":18}},"loc":{"start":{"line":36,"column":23},"end":{"line":40,"column":5}},"line":36},"4":{"name":"(anonymous_4)","decl":{"start":{"line":41,"column":16},"end":{"line":41,"column":17}},"loc":{"start":{"line":41,"column":22},"end":{"line":45,"column":5}},"line":41},"5":{"name":"(anonymous_5)","decl":{"start":{"line":46,"column":9},"end":{"line":46,"column":10}},"loc":{"start":{"line":46,"column":15},"end":{"line":49,"column":5}},"line":46},"6":{"name":"(anonymous_6)","decl":{"start":{"line":50,"column":15},"end":{"line":50,"column":16}},"loc":{"start":{"line":50,"column":21},"end":{"line":54,"column":5}},"line":50},"7":{"name":"(anonymous_7)","decl":{"start":{"line":55,"column":14},"end":{"line":55,"column":15}},"loc":{"start":{"line":55,"column":20},"end":{"line":59,"column":5}},"line":55},"8":{"name":"(anonymous_8)","decl":{"start":{"line":61,"column":13},"end":{"line":61,"column":14}},"loc":{"start":{"line":61,"column":19},"end":{"line":65,"column":5}},"line":61},"9":{"name":"(anonymous_9)","decl":{"start":{"line":66,"column":12},"end":{"line":66,"column":13}},"loc":{"start":{"line":66,"column":18},"end":{"line":69,"column":5}},"line":66},"10":{"name":"(anonymous_10)","decl":{"start":{"line":70,"column":18},"end":{"line":70,"column":19}},"loc":{"start":{"line":70,"column":24},"end":{"line":74,"column":5}},"line":70},"11":{"name":"(anonymous_11)","decl":{"start":{"line":75,"column":17},"end":{"line":75,"column":18}},"loc":{"start":{"line":75,"column":23},"end":{"line":79,"column":5}},"line":75},"12":{"name":"(anonymous_12)","decl":{"start":{"line":80,"column":16},"end":{"line":80,"column":17}},"loc":{"start":{"line":80,"column":22},"end":{"line":84,"column":5}},"line":80}},"branchMap":{"0":{"loc":{"start":{"line":12,"column":30},"end":{"line":12,"column":77}},"type":"default-arg","locations":[{"start":{"line":12,"column":75},"end":{"line":12,"column":77}}],"line":12},"1":{"loc":{"start":{"line":12,"column":42},"end":{"line":12,"column":56}},"type":"default-arg","locations":[{"start":{"line":12,"column":54},"end":{"line":12,"column":56}}],"line":12},"2":{"loc":{"start":{"line":12,"column":58},"end":{"line":12,"column":70}},"type":"default-arg","locations":[{"start":{"line":12,"column":68},"end":{"line":12,"column":70}}],"line":12},"3":{"loc":{"start":{"line":17,"column":2},"end":{"line":19,"column":3}},"type":"if","locations":[{"start":{"line":17,"column":2},"end":{"line":19,"column":3}},{"start":{},"end":{}}],"line":17}},"s":{"0":14,"1":14,"2":14,"3":14,"4":1,"5":6,"6":6,"7":6,"8":12,"9":2,"10":2,"11":2,"12":1,"13":1,"14":1,"15":1,"16":1,"17":1,"18":1,"19":1,"20":1,"21":1,"22":1,"23":1,"24":1,"25":1,"26":1,"27":1,"28":1,"29":1,"30":1,"31":1,"32":1,"33":1,"34":1,"35":1,"36":1,"37":1,"38":1,"39":1,"40":12},"f":{"0":14,"1":12,"2":2,"3":1,"4":1,"5":1,"6":1,"7":1,"8":1,"9":1,"10":1,"11":1,"12":1},"b":{"0":[12],"1":[13],"2":[14],"3":[1,13]},"_coverageSchema":"1a1c01bbd47fc00a2c39e90264f33305004495a9","hash":"722630751ecee687a027260e0f0ff5a8ae36080e"}
,"C:\\Users\\edtay\\OneDrive\\Desktop\\Coding Practice\\Objects\\super-element\\lib\\SuperElement.js": {"path":"C:\\Users\\edtay\\OneDrive\\Desktop\\Coding Practice\\Objects\\super-element\\lib\\SuperElement.js","statementMap":{"0":{"start":{"line":25,"column":2},"end":{"line":25,"column":45}},"1":{"start":{"line":27,"column":2},"end":{"line":30,"column":3}},"2":{"start":{"line":27,"column":15},"end":{"line":27,"column":16}},"3":{"start":{"line":28,"column":26},"end":{"line":28,"column":36}},"4":{"start":{"line":29,"column":4},"end":{"line":29,"column":42}},"5":{"start":{"line":32,"column":2},"end":{"line":40,"column":4}},"6":{"start":{"line":34,"column":6},"end":{"line":34,"column":37}},"7":{"start":{"line":38,"column":6},"end":{"line":38,"column":38}},"8":{"start":{"line":47,"column":0},"end":{"line":47,"column":60}},"9":{"start":{"line":48,"column":0},"end":{"line":48,"column":49}},"10":{"start":{"line":54,"column":0},"end":{"line":60,"column":1}},"11":{"start":{"line":55,"column":2},"end":{"line":59,"column":3}},"12":{"start":{"line":56,"column":4},"end":{"line":56,"column":39}},"13":{"start":{"line":58,"column":4},"end":{"line":58,"column":31}},"14":{"start":{"line":65,"column":0},"end":{"line":67,"column":1}},"15":{"start":{"line":66,"column":2},"end":{"line":66,"column":23}},"16":{"start":{"line":77,"column":0},"end":{"line":79,"column":1}},"17":{"start":{"line":78,"column":2},"end":{"line":78,"column":43}},"18":{"start":{"line":85,"column":0},"end":{"line":87,"column":1}},"19":{"start":{"line":86,"column":2},"end":{"line":86,"column":46}}},"fnMap":{"0":{"name":"SuperElement","decl":{"start":{"line":20,"column":16},"end":{"line":20,"column":28}},"loc":{"start":{"line":20,"column":50},"end":{"line":41,"column":1}},"line":20},"1":{"name":"(anonymous_1)","decl":{"start":{"line":33,"column":9},"end":{"line":33,"column":10}},"loc":{"start":{"line":33,"column":21},"end":{"line":35,"column":5}},"line":33},"2":{"name":"(anonymous_2)","decl":{"start":{"line":37,"column":9},"end":{"line":37,"column":10}},"loc":{"start":{"line":37,"column":20},"end":{"line":39,"column":5}},"line":37},"3":{"name":"(anonymous_3)","decl":{"start":{"line":54,"column":34},"end":{"line":54,"column":35}},"loc":{"start":{"line":54,"column":52},"end":{"line":60,"column":1}},"line":54},"4":{"name":"(anonymous_4)","decl":{"start":{"line":65,"column":32},"end":{"line":65,"column":33}},"loc":{"start":{"line":65,"column":44},"end":{"line":67,"column":1}},"line":65},"5":{"name":"(anonymous_5)","decl":{"start":{"line":77,"column":33},"end":{"line":77,"column":34}},"loc":{"start":{"line":77,"column":45},"end":{"line":79,"column":1}},"line":77},"6":{"name":"(anonymous_6)","decl":{"start":{"line":85,"column":32},"end":{"line":85,"column":33}},"loc":{"start":{"line":85,"column":44},"end":{"line":87,"column":1}},"line":85}},"branchMap":{"0":{"loc":{"start":{"line":20,"column":36},"end":{"line":20,"column":48}},"type":"default-arg","locations":[{"start":{"line":20,"column":46},"end":{"line":20,"column":48}}],"line":20},"1":{"loc":{"start":{"line":55,"column":2},"end":{"line":59,"column":3}},"type":"if","locations":[{"start":{"line":55,"column":2},"end":{"line":59,"column":3}},{"start":{"line":57,"column":9},"end":{"line":59,"column":3}}],"line":55}},"s":{"0":38,"1":38,"2":38,"3":4,"4":4,"5":38,"6":1,"7":1,"8":6,"9":6,"10":6,"11":4,"12":3,"13":1,"14":6,"15":1,"16":6,"17":1,"18":6,"19":1},"f":{"0":38,"1":1,"2":1,"3":4,"4":1,"5":1,"6":1},"b":{"0":[1],"1":[3,1]},"_coverageSchema":"1a1c01bbd47fc00a2c39e90264f33305004495a9","hash":"8330ad0211bb66bdf0d62b02d32489580f1c937a"}
,"C:\\Users\\edtay\\OneDrive\\Desktop\\Coding Practice\\Objects\\super-element\\lib\\SuperEvent.js": {"path":"C:\\Users\\edtay\\OneDrive\\Desktop\\Coding Practice\\Objects\\super-element\\lib\\SuperEvent.js","statementMap":{"0":{"start":{"line":10,"column":2},"end":{"line":10,"column":47}},"1":{"start":{"line":19,"column":0},"end":{"line":21,"column":1}},"2":{"start":{"line":20,"column":2},"end":{"line":20,"column":55}},"3":{"start":{"line":28,"column":0},"end":{"line":30,"column":1}},"4":{"start":{"line":29,"column":2},"end":{"line":29,"column":55}}},"fnMap":{"0":{"name":"SuperEvent","decl":{"start":{"line":9,"column":16},"end":{"line":9,"column":26}},"loc":{"start":{"line":9,"column":30},"end":{"line":11,"column":1}},"line":9},"1":{"name":"(anonymous_1)","decl":{"start":{"line":19,"column":29},"end":{"line":19,"column":30}},"loc":{"start":{"line":19,"column":58},"end":{"line":21,"column":1}},"line":19},"2":{"name":"(anonymous_2)","decl":{"start":{"line":28,"column":29},"end":{"line":28,"column":30}},"loc":{"start":{"line":28,"column":58},"end":{"line":30,"column":1}},"line":28}},"branchMap":{},"s":{"0":0,"1":6,"2":3,"3":6,"4":1},"f":{"0":0,"1":3,"2":1},"b":{},"_coverageSchema":"1a1c01bbd47fc00a2c39e90264f33305004495a9","hash":"2b1af7db06291bec9ec78625a3ea8976c51d1e71"}
,"C:\\Users\\edtay\\OneDrive\\Desktop\\Coding Practice\\Objects\\super-element\\lib\\SuperForm.js": {"path":"C:\\Users\\edtay\\OneDrive\\Desktop\\Coding Practice\\Objects\\super-element\\lib\\SuperForm.js","statementMap":{"0":{"start":{"line":11,"column":2},"end":{"line":11,"column":42}},"1":{"start":{"line":14,"column":0},"end":{"line":14,"column":59}},"2":{"start":{"line":19,"column":0},"end":{"line":23,"column":1}},"3":{"start":{"line":20,"column":19},"end":{"line":20,"column":45}},"4":{"start":{"line":22,"column":2},"end":{"line":22,"column":27}},"5":{"start":{"line":31,"column":0},"end":{"line":33,"column":1}},"6":{"start":{"line":32,"column":2},"end":{"line":32,"column":56}},"7":{"start":{"line":35,"column":0},"end":{"line":35,"column":43}}},"fnMap":{"0":{"name":"SuperForm","decl":{"start":{"line":10,"column":16},"end":{"line":10,"column":25}},"loc":{"start":{"line":10,"column":50},"end":{"line":12,"column":1}},"line":10},"1":{"name":"(anonymous_1)","decl":{"start":{"line":19,"column":31},"end":{"line":19,"column":32}},"loc":{"start":{"line":19,"column":47},"end":{"line":23,"column":1}},"line":19},"2":{"name":"(anonymous_2)","decl":{"start":{"line":31,"column":29},"end":{"line":31,"column":30}},"loc":{"start":{"line":31,"column":58},"end":{"line":33,"column":1}},"line":31}},"branchMap":{"0":{"loc":{"start":{"line":10,"column":27},"end":{"line":10,"column":48}},"type":"default-arg","locations":[{"start":{"line":10,"column":46},"end":{"line":10,"column":48}}],"line":10},"1":{"loc":{"start":{"line":10,"column":29},"end":{"line":10,"column":41}},"type":"default-arg","locations":[{"start":{"line":10,"column":39},"end":{"line":10,"column":41}}],"line":10}},"s":{"0":3,"1":6,"2":6,"3":1,"4":1,"5":6,"6":1,"7":6},"f":{"0":3,"1":1,"2":1},"b":{"0":[2],"1":[3]},"_coverageSchema":"1a1c01bbd47fc00a2c39e90264f33305004495a9","hash":"12eda156030a95b68d42af2cdf20709b5eba2209"}
,"C:\\Users\\edtay\\OneDrive\\Desktop\\Coding Practice\\Objects\\super-element\\lib\\SuperImage.js": {"path":"C:\\Users\\edtay\\OneDrive\\Desktop\\Coding Practice\\Objects\\super-element\\lib\\SuperImage.js","statementMap":{"0":{"start":{"line":14,"column":2},"end":{"line":14,"column":41}},"1":{"start":{"line":18,"column":2},"end":{"line":18,"column":24}},"2":{"start":{"line":19,"column":2},"end":{"line":19,"column":41}},"3":{"start":{"line":20,"column":2},"end":{"line":20,"column":43}},"4":{"start":{"line":23,"column":0},"end":{"line":23,"column":60}},"5":{"start":{"line":24,"column":0},"end":{"line":24,"column":45}}},"fnMap":{"0":{"name":"SuperImage","decl":{"start":{"line":13,"column":16},"end":{"line":13,"column":26}},"loc":{"start":{"line":13,"column":71},"end":{"line":21,"column":1}},"line":13}},"branchMap":{"0":{"loc":{"start":{"line":13,"column":28},"end":{"line":13,"column":69}},"type":"default-arg","locations":[{"start":{"line":13,"column":67},"end":{"line":13,"column":69}}],"line":13},"1":{"loc":{"start":{"line":13,"column":50},"end":{"line":13,"column":62}},"type":"default-arg","locations":[{"start":{"line":13,"column":60},"end":{"line":13,"column":62}}],"line":13}},"s":{"0":2,"1":2,"2":2,"3":2,"4":6,"5":6},"f":{"0":2},"b":{"0":[0],"1":[2]},"_coverageSchema":"1a1c01bbd47fc00a2c39e90264f33305004495a9","hash":"da88e865b7421fdf6076b39527cea85b0884a869"}
,"C:\\Users\\edtay\\OneDrive\\Desktop\\Coding Practice\\Objects\\super-element\\lib\\SuperInput.js": {"path":"C:\\Users\\edtay\\OneDrive\\Desktop\\Coding Practice\\Objects\\super-element\\lib\\SuperInput.js","statementMap":{"0":{"start":{"line":13,"column":2},"end":{"line":13,"column":43}},"1":{"start":{"line":14,"column":2},"end":{"line":14,"column":26}},"2":{"start":{"line":15,"column":2},"end":{"line":15,"column":26}},"3":{"start":{"line":18,"column":0},"end":{"line":18,"column":60}},"4":{"start":{"line":20,"column":0},"end":{"line":20,"column":45}}},"fnMap":{"0":{"name":"SuperInput","decl":{"start":{"line":12,"column":16},"end":{"line":12,"column":26}},"loc":{"start":{"line":12,"column":63},"end":{"line":16,"column":1}},"line":12}},"branchMap":{"0":{"loc":{"start":{"line":12,"column":28},"end":{"line":12,"column":61}},"type":"default-arg","locations":[{"start":{"line":12,"column":59},"end":{"line":12,"column":61}}],"line":12},"1":{"loc":{"start":{"line":12,"column":42},"end":{"line":12,"column":54}},"type":"default-arg","locations":[{"start":{"line":12,"column":52},"end":{"line":12,"column":54}}],"line":12}},"s":{"0":11,"1":11,"2":11,"3":6,"4":6},"f":{"0":11},"b":{"0":[0],"1":[7]},"_coverageSchema":"1a1c01bbd47fc00a2c39e90264f33305004495a9","hash":"bc11a235b8395b73323d43fe843ed0b03f26c0e9"}
,"C:\\Users\\edtay\\OneDrive\\Desktop\\Coding Practice\\Objects\\super-element\\lib\\main.js": {"path":"C:\\Users\\edtay\\OneDrive\\Desktop\\Coding Practice\\Objects\\super-element\\lib\\main.js","statementMap":{"0":{"start":{"line":8,"column":19},"end":{"line":15,"column":1}},"1":{"start":{"line":18,"column":2},"end":{"line":18,"column":38}}},"fnMap":{"0":{"name":"(anonymous_0)","decl":{"start":{"line":17,"column":15},"end":{"line":17,"column":16}},"loc":{"start":{"line":17,"column":34},"end":{"line":19,"column":1}},"line":17}},"branchMap":{},"s":{"0":6,"1":38},"f":{"0":38},"b":{},"_coverageSchema":"1a1c01bbd47fc00a2c39e90264f33305004495a9","hash":"df8a578454e22cb6a9e061f1caa45fa1086ce118"}
,"C:\\Users\\edtay\\OneDrive\\Desktop\\Coding Practice\\Objects\\super-element\\lib\\utils.js": {"path":"C:\\Users\\edtay\\OneDrive\\Desktop\\Coding Practice\\Objects\\super-element\\lib\\utils.js","statementMap":{"0":{"start":{"line":18,"column":2},"end":{"line":23,"column":4}},"1":{"start":{"line":19,"column":4},"end":{"line":21,"column":5}},"2":{"start":{"line":20,"column":6},"end":{"line":20,"column":24}},"3":{"start":{"line":22,"column":4},"end":{"line":22,"column":15}}},"fnMap":{"0":{"name":"addListener","decl":{"start":{"line":17,"column":9},"end":{"line":17,"column":20}},"loc":{"start":{"line":17,"column":60},"end":{"line":24,"column":1}},"line":17},"1":{"name":"(anonymous_1)","decl":{"start":{"line":18,"column":32},"end":{"line":18,"column":33}},"loc":{"start":{"line":18,"column":39},"end":{"line":23,"column":3}},"line":18}},"branchMap":{"0":{"loc":{"start":{"line":17,"column":46},"end":{"line":17,"column":58}},"type":"default-arg","locations":[{"start":{"line":17,"column":56},"end":{"line":17,"column":58}}],"line":17},"1":{"loc":{"start":{"line":19,"column":4},"end":{"line":21,"column":5}},"type":"if","locations":[{"start":{"line":19,"column":4},"end":{"line":21,"column":5}},{"start":{},"end":{}}],"line":19}},"s":{"0":5,"1":4,"2":1,"3":4},"f":{"0":5,"1":4},"b":{"0":[3],"1":[1,3]},"_coverageSchema":"1a1c01bbd47fc00a2c39e90264f33305004495a9","hash":"8ea0ed8b3583f28c3d740c584b5352cfa6c797f5"}
}
