TN:
SF:lib\SuperBoxMaker.js
FN:11,SuperBoxMaker
FNF:1
FNH:1
FNDA:1,SuperBoxMaker
DA:12,1
DA:13,1
DA:14,1
DA:15,1
DA:18,6
DA:19,6
LF:6
LH:6
BRF:0
BRH:0
end_of_record
TN:
SF:lib\SuperContent.js
FN:14,SuperContent
FN:31,(anonymous_1)
FNF:2
FNH:2
FNDA:7,SuperContent
FNDA:2,(anonymous_1)
DA:16,7
DA:18,7
DA:19,7
DA:20,7
DA:21,7
DA:24,6
DA:25,6
DA:31,6
DA:32,2
DA:33,1
DA:34,1
DA:35,1
LF:12
LH:12
BRDA:14,0,0,2
BRDA:14,1,0,4
BRDA:14,2,0,7
BRDA:14,3,0,7
BRDA:14,4,0,7
BRDA:32,5,0,1
BRDA:32,5,1,1
BRDA:34,6,0,1
BRDA:34,6,1,0
BRF:9
BRH:8
end_of_record
TN:
SF:lib\SuperDisplay.js
FN:11,SuperDisplay
FN:27,(anonymous_1)
FN:30,(anonymous_2)
FN:35,(anonymous_3)
FN:40,(anonymous_4)
FN:45,(anonymous_5)
FN:49,(anonymous_6)
FN:54,(anonymous_7)
FN:60,(anonymous_8)
FN:65,(anonymous_9)
FN:69,(anonymous_10)
FN:74,(anonymous_11)
FN:79,(anonymous_12)
FNF:13
FNH:13
FNDA:14,SuperDisplay
FNDA:12,(anonymous_1)
FNDA:2,(anonymous_2)
FNDA:1,(anonymous_3)
FNDA:1,(anonymous_4)
FNDA:1,(anonymous_5)
FNDA:1,(anonymous_6)
FNDA:1,(anonymous_7)
FNDA:1,(anonymous_8)
FNDA:1,(anonymous_9)
FNDA:1,(anonymous_10)
FNDA:1,(anonymous_11)
FNDA:1,(anonymous_12)
DA:12,14
DA:13,14
DA:14,14
DA:16,14
DA:17,1
DA:21,6
DA:22,6
DA:27,6
DA:28,12
DA:31,2
DA:32,2
DA:33,2
DA:36,1
DA:37,1
DA:38,1
DA:41,1
DA:42,1
DA:43,1
DA:46,1
DA:47,1
DA:50,1
DA:51,1
DA:52,1
DA:55,1
DA:56,1
DA:57,1
DA:61,1
DA:62,1
DA:63,1
DA:66,1
DA:67,1
DA:70,1
DA:71,1
DA:72,1
DA:75,1
DA:76,1
DA:77,1
DA:80,1
DA:81,1
DA:82,1
DA:87,12
LF:41
LH:41
BRDA:11,0,0,12
BRDA:11,1,0,13
BRDA:11,2,0,14
BRDA:16,3,0,1
BRDA:16,3,1,13
BRF:5
BRH:5
end_of_record
TN:
SF:lib\SuperElement.js
FN:19,SuperElement
FN:32,(anonymous_1)
FN:36,(anonymous_2)
FN:53,(anonymous_3)
FN:64,(anonymous_4)
FN:76,(anonymous_5)
FN:84,(anonymous_6)
FNF:7
FNH:7
FNDA:38,SuperElement
FNDA:1,(anonymous_1)
FNDA:1,(anonymous_2)
FNDA:4,(anonymous_3)
FNDA:1,(anonymous_4)
FNDA:1,(anonymous_5)
FNDA:1,(anonymous_6)
DA:24,38
DA:26,38
DA:27,4
DA:28,4
DA:31,38
DA:33,1
DA:37,1
DA:46,6
DA:47,6
DA:53,6
DA:54,4
DA:55,3
DA:57,1
DA:64,6
DA:65,1
DA:76,6
DA:77,1
DA:84,6
DA:85,1
LF:19
LH:19
BRDA:19,0,0,1
BRDA:54,1,0,3
BRDA:54,1,1,1
BRF:3
BRH:3
end_of_record
TN:
SF:lib\SuperEvent.js
FN:9,SuperEvent
FN:19,(anonymous_1)
FN:28,(anonymous_2)
FNF:3
FNH:2
FNDA:0,SuperEvent
FNDA:3,(anonymous_1)
FNDA:1,(anonymous_2)
DA:10,0
DA:19,6
DA:20,3
DA:28,6
DA:29,1
LF:5
LH:4
BRF:0
BRH:0
end_of_record
TN:
SF:lib\SuperForm.js
FN:9,SuperForm
FN:18,(anonymous_1)
FN:30,(anonymous_2)
FNF:3
FNH:3
FNDA:3,SuperForm
FNDA:1,(anonymous_1)
FNDA:1,(anonymous_2)
DA:10,3
DA:13,6
DA:18,6
DA:19,1
DA:21,1
DA:30,6
DA:31,1
DA:34,6
LF:8
LH:8
BRDA:9,0,0,2
BRDA:9,1,0,3
BRF:2
BRH:2
end_of_record
TN:
SF:lib\SuperImage.js
FN:12,SuperImage
FNF:1
FNH:1
FNDA:2,SuperImage
DA:13,2
DA:17,2
DA:18,2
DA:19,2
DA:22,6
DA:23,6
LF:6
LH:6
BRDA:12,0,0,0
BRDA:12,1,0,2
BRF:2
BRH:1
end_of_record
TN:
SF:lib\SuperInput.js
FN:12,SuperInput
FNF:1
FNH:1
FNDA:11,SuperInput
DA:13,11
DA:14,11
DA:15,11
DA:18,6
DA:20,6
LF:5
LH:5
BRDA:12,0,0,0
BRDA:12,1,0,7
BRF:2
BRH:1
end_of_record
TN:
SF:lib\main.js
FN:17,(anonymous_0)
FNF:1
FNH:1
FNDA:39,(anonymous_0)
DA:8,6
DA:18,39
LF:2
LH:2
BRF:0
BRH:0
end_of_record
TN:
SF:lib\utils.js
FN:17,addListener
FN:18,(anonymous_1)
FNF:2
FNH:2
FNDA:5,addListener
FNDA:4,(anonymous_1)
DA:18,5
DA:19,4
DA:20,1
DA:22,4
LF:4
LH:4
BRDA:17,0,0,3
BRDA:19,1,0,1
BRDA:19,1,1,3
BRF:3
BRH:3
end_of_record
