TN:
SF:lib\SuperBoxMaker.js
FN:11,SuperBoxMaker
FNF:1
FNH:1
FNDA:1,SuperBoxMaker
DA:12,1
DA:13,1
DA:14,1
DA:15,1
DA:18,6
DA:19,6
LF:6
LH:6
BRF:0
BRH:0
end_of_record
TN:
SF:lib\SuperContent.js
FN:13,SuperContent
FN:29,(anonymous_1)
FNF:2
FNH:2
FNDA:7,SuperContent
FNDA:2,(anonymous_1)
DA:15,7
DA:17,7
DA:18,7
DA:19,7
DA:22,6
DA:23,6
DA:29,6
DA:30,2
DA:31,1
DA:32,1
DA:33,1
LF:11
LH:11
BRDA:13,0,0,2
BRDA:13,1,0,4
BRDA:13,2,0,7
BRDA:13,3,0,7
BRDA:30,4,0,1
BRDA:30,4,1,1
BRDA:32,5,0,1
BRDA:32,5,1,0
BRF:8
BRH:7
end_of_record
TN:
SF:lib\SuperDisplay.js
FN:11,SuperDisplay
FN:27,(anonymous_1)
FN:30,(anonymous_2)
FN:35,(anonymous_3)
FN:40,(anonymous_4)
FN:45,(anonymous_5)
FN:49,(anonymous_6)
FN:54,(anonymous_7)
FN:60,(anonymous_8)
FN:65,(anonymous_9)
FN:69,(anonymous_10)
FN:74,(anonymous_11)
FN:79,(anonymous_12)
FNF:13
FNH:13
FNDA:14,SuperDisplay
FNDA:12,(anonymous_1)
FNDA:2,(anonymous_2)
FNDA:1,(anonymous_3)
FNDA:1,(anonymous_4)
FNDA:1,(anonymous_5)
FNDA:1,(anonymous_6)
FNDA:1,(anonymous_7)
FNDA:1,(anonymous_8)
FNDA:1,(anonymous_9)
FNDA:1,(anonymous_10)
FNDA:1,(anonymous_11)
FNDA:1,(anonymous_12)
DA:12,14
DA:13,14
DA:14,14
DA:16,14
DA:17,1
DA:21,6
DA:22,6
DA:27,6
DA:28,12
DA:31,2
DA:32,2
DA:33,2
DA:36,1
DA:37,1
DA:38,1
DA:41,1
DA:42,1
DA:43,1
DA:46,1
DA:47,1
DA:50,1
DA:51,1
DA:52,1
DA:55,1
DA:56,1
DA:57,1
DA:61,1
DA:62,1
DA:63,1
DA:66,1
DA:67,1
DA:70,1
DA:71,1
DA:72,1
DA:75,1
DA:76,1
DA:77,1
DA:80,1
DA:81,1
DA:82,1
DA:87,12
LF:41
LH:41
BRDA:11,0,0,12
BRDA:11,1,0,13
BRDA:16,2,0,1
BRDA:16,2,1,13
BRF:4
BRH:4
end_of_record
TN:
SF:lib\SuperElement.js
FN:19,SuperElement
FN:27,(anonymous_1)
FN:31,(anonymous_2)
FN:48,(anonymous_3)
FN:59,(anonymous_4)
FN:71,(anonymous_5)
FN:79,(anonymous_6)
FNF:7
FNH:7
FNDA:38,SuperElement
FNDA:1,(anonymous_1)
FNDA:1,(anonymous_2)
FNDA:4,(anonymous_3)
FNDA:1,(anonymous_4)
FNDA:1,(anonymous_5)
FNDA:1,(anonymous_6)
DA:24,38
DA:26,38
DA:28,1
DA:32,1
DA:41,6
DA:42,6
DA:48,6
DA:49,4
DA:50,3
DA:52,1
DA:59,6
DA:60,1
DA:71,6
DA:72,1
DA:79,6
DA:80,1
LF:16
LH:16
BRDA:49,0,0,3
BRDA:49,0,1,1
BRF:2
BRH:2
end_of_record
TN:
SF:lib\SuperEvent.js
FN:9,SuperEvent
FN:19,(anonymous_1)
FN:28,(anonymous_2)
FNF:3
FNH:2
FNDA:0,SuperEvent
FNDA:3,(anonymous_1)
FNDA:1,(anonymous_2)
DA:10,0
DA:19,6
DA:20,3
DA:28,6
DA:29,1
LF:5
LH:4
BRF:0
BRH:0
end_of_record
TN:
SF:lib\SuperForm.js
FN:9,SuperForm
FN:18,(anonymous_1)
FN:30,(anonymous_2)
FNF:3
FNH:3
FNDA:3,SuperForm
FNDA:1,(anonymous_1)
FNDA:1,(anonymous_2)
DA:10,3
DA:13,6
DA:18,6
DA:19,1
DA:21,1
DA:30,6
DA:31,1
DA:34,6
LF:8
LH:8
BRF:0
BRH:0
end_of_record
TN:
SF:lib\SuperImage.js
FN:12,SuperImage
FNF:1
FNH:1
FNDA:2,SuperImage
DA:13,2
DA:17,2
DA:18,2
DA:19,2
DA:22,6
DA:23,6
LF:6
LH:6
BRF:0
BRH:0
end_of_record
TN:
SF:lib\SuperInput.js
FN:12,SuperInput
FNF:1
FNH:1
FNDA:11,SuperInput
DA:13,11
DA:14,11
DA:15,11
DA:17,11
DA:18,4
DA:19,4
DA:23,6
DA:25,6
LF:8
LH:8
BRDA:12,0,0,7
BRF:1
BRH:1
end_of_record
TN:
SF:lib\main.js
FN:17,(anonymous_0)
FNF:1
FNH:1
FNDA:39,(anonymous_0)
DA:8,6
DA:18,39
LF:2
LH:2
BRF:0
BRH:0
end_of_record
TN:
SF:lib\utils.js
FN:17,addListener
FN:18,(anonymous_1)
FNF:2
FNH:2
FNDA:5,addListener
FNDA:4,(anonymous_1)
DA:18,5
DA:19,4
DA:20,1
DA:22,4
LF:4
LH:4
BRDA:17,0,0,3
BRDA:19,1,0,1
BRDA:19,1,1,3
BRF:3
BRH:3
end_of_record
